<?xml version="1.0" encoding="utf-8"?>
<test-run id="2" testcasecount="1" result="Passed" total="1" passed="1" failed="0" inconclusive="0" skipped="0" asserts="0" engine-version="3.5.0.0" clr-version="4.0.30319.42000" start-time="2026-02-25 04:01:57Z" end-time="2026-02-25 04:01:57Z" duration="0.0165706">
  <test-suite type="TestSuite" id="1000" name="Reloader" fullname="Reloader" runstate="Runnable" testcasecount="68" result="Passed" start-time="2026-02-25 04:01:57Z" end-time="2026-02-25 04:01:57Z" duration="0.016571" total="1" passed="1" failed="0" inconclusive="0" skipped="0" asserts="0">
    <properties>
      <property name="platform" value="EditMode" />
    </properties>
    <test-suite type="Assembly" id="1084" name="Reloader.Core.Tests.EditMode.dll" fullname="/Users/ivanprotsiuk/Documents/unity/Reloader/Reloader/Library/ScriptAssemblies/Reloader.Core.Tests.EditMode.dll" runstate="Runnable" testcasecount="65" result="Passed" start-time="2026-02-25 04:01:57Z" end-time="2026-02-25 04:01:57Z" duration="0.013231" total="1" passed="1" failed="0" inconclusive="0" skipped="0" asserts="0">
      <properties>
        <property name="_PID" value="53309" />
        <property name="_APPDOMAIN" value="Unity Child Domain" />
        <property name="platform" value="EditMode" />
        <property name="EditorOnly" value="True" />
      </properties>
      <test-suite type="TestSuite" id="1085" name="Reloader" fullname="Reloader" runstate="Runnable" testcasecount="65" result="Passed" start-time="2026-02-25 04:01:57Z" end-time="2026-02-25 04:01:57Z" duration="0.012522" total="1" passed="1" failed="0" inconclusive="0" skipped="0" asserts="0">
        <properties />
        <test-suite type="TestSuite" id="1086" name="Core" fullname="Reloader.Core" runstate="Runnable" testcasecount="65" result="Passed" start-time="2026-02-25 04:01:57Z" end-time="2026-02-25 04:01:57Z" duration="0.012187" total="1" passed="1" failed="0" inconclusive="0" skipped="0" asserts="0">
          <properties />
          <test-suite type="TestSuite" id="1087" name="Tests" fullname="Reloader.Core.Tests" runstate="Runnable" testcasecount="65" result="Passed" start-time="2026-02-25 04:01:57Z" end-time="2026-02-25 04:01:57Z" duration="0.011873" total="1" passed="1" failed="0" inconclusive="0" skipped="0" asserts="0">
            <properties />
            <test-suite type="TestSuite" id="1088" name="EditMode" fullname="Reloader.Core.Tests.EditMode" runstate="Runnable" testcasecount="64" result="Passed" start-time="2026-02-25 04:01:57Z" end-time="2026-02-25 04:01:57Z" duration="0.011447" total="1" passed="1" failed="0" inconclusive="0" skipped="0" asserts="0">
              <properties />
              <test-suite type="TestFixture" id="1039" name="ItemInstanceTests" fullname="Reloader.Core.Tests.EditMode.ItemInstanceTests" classname="Reloader.Core.Tests.EditMode.ItemInstanceTests" runstate="Runnable" testcasecount="1" result="Passed" start-time="2026-02-25 04:01:57Z" end-time="2026-02-25 04:01:57Z" duration="0.010376" total="1" passed="1" failed="0" inconclusive="0" skipped="0" asserts="0">
                <properties />
                <test-case id="1040" name="Ctor_ClampsDurabilityAndQuantity" fullname="Reloader.Core.Tests.EditMode.ItemInstanceTests.Ctor_ClampsDurabilityAndQuantity" methodname="Ctor_ClampsDurabilityAndQuantity" classname="Reloader.Core.Tests.EditMode.ItemInstanceTests" runstate="Runnable" seed="1215659347" result="Passed" start-time="2026-02-25 04:01:57Z" end-time="2026-02-25 04:01:57Z" duration="0.005195" asserts="0">
                  <properties>
                    <property name="retryIteration" value="0" />
                    <property name="repeatIteration" value="0" />
                  </properties>
                  <output><![CDATA[Saving results to: /Users/ivanprotsiuk/Library/Application Support/DefaultCompany/Reloader/TestResults.xml
]]></output>
                </test-case>
              </test-suite>
            </test-suite>
          </test-suite>
        </test-suite>
      </test-suite>
    </test-suite>
  </test-suite>
</test-run>